0 info it worked if it ends with ok
1 verbose cli [ '/usr/bin/nodejs', '/usr/bin/npm', 'install', 'bootstrap@3' ]
2 info using npm@1.3.10
3 info using node@v0.10.25
4 verbose cache add [ 'bootstrap@3', null ]
5 verbose cache add name=undefined spec="bootstrap@3" args=["bootstrap@3",null]
6 verbose parsed url { protocol: null,
6 verbose parsed url   slashes: null,
6 verbose parsed url   auth: null,
6 verbose parsed url   host: null,
6 verbose parsed url   port: null,
6 verbose parsed url   hostname: null,
6 verbose parsed url   hash: null,
6 verbose parsed url   search: null,
6 verbose parsed url   query: null,
6 verbose parsed url   pathname: 'bootstrap@3',
6 verbose parsed url   path: 'bootstrap@3',
6 verbose parsed url   href: 'bootstrap@3' }
7 verbose cache add name="bootstrap" spec="3" args=["bootstrap","3"]
8 verbose parsed url { protocol: null,
8 verbose parsed url   slashes: null,
8 verbose parsed url   auth: null,
8 verbose parsed url   host: null,
8 verbose parsed url   port: null,
8 verbose parsed url   hostname: null,
8 verbose parsed url   hash: null,
8 verbose parsed url   search: null,
8 verbose parsed url   query: null,
8 verbose parsed url   pathname: '3',
8 verbose parsed url   path: '3',
8 verbose parsed url   href: '3' }
9 verbose addNamed [ 'bootstrap', '3' ]
10 verbose addNamed [ null, '>=3.0.0-0 <4.0.0-0' ]
11 silly lockFile 2e484547-bootstrap-3 bootstrap@3
12 verbose lock bootstrap@3 /home/lalo/.npm/2e484547-bootstrap-3.lock
13 silly addNameRange { name: 'bootstrap',
13 silly addNameRange   range: '>=3.0.0-0 <4.0.0-0',
13 silly addNameRange   hasData: false }
14 verbose url raw bootstrap
15 verbose url resolving [ 'https://registry.npmjs.org/', './bootstrap' ]
16 verbose url resolved https://registry.npmjs.org/bootstrap
17 info trying registry request attempt 1 at 01:54:01
18 http GET https://registry.npmjs.org/bootstrap
19 http 200 https://registry.npmjs.org/bootstrap
20 silly registry.get cb [ 200,
20 silly registry.get   { server: 'CouchDB/1.5.0 (Erlang OTP/R16B03)',
20 silly registry.get     etag: '"FASTENQUXQNJ4N6P1QPUQUAN"',
20 silly registry.get     'content-type': 'application/json',
20 silly registry.get     'cache-control': 'max-age=300',
20 silly registry.get     'content-length': '41847',
20 silly registry.get     'accept-ranges': 'bytes',
20 silly registry.get     date: 'Tue, 13 Sep 2016 04:54:02 GMT',
20 silly registry.get     via: '1.1 varnish',
20 silly registry.get     age: '0',
20 silly registry.get     connection: 'keep-alive',
20 silly registry.get     'x-served-by': 'cache-gru7127-GRU',
20 silly registry.get     'x-cache': 'MISS',
20 silly registry.get     'x-cache-hits': '0',
20 silly registry.get     'x-timer': 'S1473742442.186754,VS0,VE392',
20 silly registry.get     vary: 'Accept-Encoding' } ]
21 silly addNameRange number 2 { name: 'bootstrap', range: '>=3.0.0-0 <4.0.0-0', hasData: true }
22 silly addNameRange versions [ 'bootstrap',
22 silly addNameRange   [ '0.0.1',
22 silly addNameRange     '0.0.2',
22 silly addNameRange     '3.1.1',
22 silly addNameRange     '3.2.0',
22 silly addNameRange     '3.3.0',
22 silly addNameRange     '3.3.1',
22 silly addNameRange     '3.3.2',
22 silly addNameRange     '3.3.4',
22 silly addNameRange     '3.3.5',
22 silly addNameRange     '3.3.6',
22 silly addNameRange     '4.0.0-alpha.2',
22 silly addNameRange     '3.3.7',
22 silly addNameRange     '4.0.0-alpha.3',
22 silly addNameRange     '4.0.0-alpha.4' ] ]
23 verbose addNamed [ 'bootstrap', '3.3.7' ]
24 verbose addNamed [ '3.3.7', '3.3.7' ]
25 silly lockFile 7976a4e0-bootstrap-3-3-7 bootstrap@3.3.7
26 verbose lock bootstrap@3.3.7 /home/lalo/.npm/7976a4e0-bootstrap-3-3-7.lock
27 silly lockFile c393c01f-rg-bootstrap-bootstrap-3-3-7-tgz https://registry.npmjs.org/bootstrap/-/bootstrap-3.3.7.tgz
28 verbose lock https://registry.npmjs.org/bootstrap/-/bootstrap-3.3.7.tgz /home/lalo/.npm/c393c01f-rg-bootstrap-bootstrap-3-3-7-tgz.lock
29 verbose addRemoteTarball [ 'https://registry.npmjs.org/bootstrap/-/bootstrap-3.3.7.tgz',
29 verbose addRemoteTarball   '5a389394549f23330875a3b150656574f8a9eb71' ]
30 silly lockFile c393c01f-rg-bootstrap-bootstrap-3-3-7-tgz https://registry.npmjs.org/bootstrap/-/bootstrap-3.3.7.tgz
31 silly lockFile c393c01f-rg-bootstrap-bootstrap-3-3-7-tgz https://registry.npmjs.org/bootstrap/-/bootstrap-3.3.7.tgz
32 silly lockFile 7976a4e0-bootstrap-3-3-7 bootstrap@3.3.7
33 silly lockFile 7976a4e0-bootstrap-3-3-7 bootstrap@3.3.7
34 silly lockFile 2e484547-bootstrap-3 bootstrap@3
35 silly lockFile 2e484547-bootstrap-3 bootstrap@3
36 error Error: EACCES, mkdir '/home/lalo/tmp/npm-3522-6Tk_SVZS'
36 error  { [Error: EACCES, mkdir '/home/lalo/tmp/npm-3522-6Tk_SVZS']
36 error   errno: 3,
36 error   code: 'EACCES',
36 error   path: '/home/lalo/tmp/npm-3522-6Tk_SVZS' }
37 error Please try running this command again as root/Administrator.
38 error System Linux 3.13.0-24-generic
39 error command "/usr/bin/nodejs" "/usr/bin/npm" "install" "bootstrap@3"
40 error cwd /home/lalo/Escritorio/perfil/mi_proyecto
41 error node -v v0.10.25
42 error npm -v 1.3.10
43 error path /home/lalo/tmp/npm-3522-6Tk_SVZS
44 error code EACCES
45 error errno 3
46 error stack Error: EACCES, mkdir '/home/lalo/tmp/npm-3522-6Tk_SVZS'
47 verbose exit [ 3, true ]
